# JRE version: Java(TM) SE Runtime Environment (8.0_251-b08) (build 1.8.0_251-b08)
# Java VM: Java HotSpot(TM) 64-Bit Server VM (25.251-b08 mixed mode windows-amd64 compressed oops)
Heap:
 PSYoungGen      total 65024K, used 25657K [0x00000000d5980000, 0x00000000da200000, 0x0000000100000000)
  eden space 57856K, 32% used [0x00000000d5980000,0x00000000d6bee068,0x00000000d9200000)
  from space 7168K, 94% used [0x00000000d9b00000,0x00000000da1a0418,0x00000000da200000)
  to   space 8192K, 0% used [0x00000000d9200000,0x00000000d9200000,0x00000000d9a00000)
 ParOldGen       total 46592K, used 5589K [0x0000000080c00000, 0x0000000083980000, 0x00000000d5980000)
  object space 46592K, 11% used [0x0000000080c00000,0x0000000081175458,0x0000000083980000)
 Metaspace       used 25766K, capacity 27152K, committed 27520K, reserved 1079296K
  class space    used 3665K, capacity 3939K, committed 3968K, reserved 1048576K
GC Heap History (10 events):
Event: 1.456 GC heap before
{Heap before GC invocations=3 (full 0):
 PSYoungGen      total 38400K, used 38372K [0x00000000d5980000, 0x00000000d8400000, 0x0000000100000000)
  eden space 33280K, 99% used [0x00000000d5980000,0x00000000d79fc088,0x00000000d7a00000)
  from space 5120K, 99% used [0x00000000d7f00000,0x00000000d83fd228,0x00000000d8400000)
  to   space 5120K, 0% used [0x00000000d7a00000,0x00000000d7a00000,0x00000000d7f00000)
 ParOldGen       total 87552K, used 2005K [0x0000000080c00000, 0x0000000086180000, 0x00000000d5980000)
  object space 87552K, 2% used [0x0000000080c00000,0x0000000080df55e8,0x0000000086180000)
 Metaspace       used 15514K, capacity 16166K, committed 16384K, reserved 1062912K
  class space    used 2072K, capacity 2215K, committed 2304K, reserved 1048576K
Event: 1.458 GC heap after
Heap after GC invocations=3 (full 0):
 PSYoungGen      total 38400K, used 4400K [0x00000000d5980000, 0x00000000d8400000, 0x0000000100000000)
  eden space 33280K, 0% used [0x00000000d5980000,0x00000000d5980000,0x00000000d7a00000)
  from space 5120K, 85% used [0x00000000d7a00000,0x00000000d7e4c378,0x00000000d7f00000)
  to   space 5120K, 0% used [0x00000000d7f00000,0x00000000d7f00000,0x00000000d8400000)
 ParOldGen       total 87552K, used 2005K [0x0000000080c00000, 0x0000000086180000, 0x00000000d5980000)
  object space 87552K, 2% used [0x0000000080c00000,0x0000000080df55e8,0x0000000086180000)
 Metaspace       used 15514K, capacity 16166K, committed 16384K, reserved 1062912K
  class space    used 2072K, capacity 2215K, committed 2304K, reserved 1048576K
}
Event: 1.634 GC heap before
{Heap before GC invocations=4 (full 0):
 PSYoungGen      total 38400K, used 26220K [0x00000000d5980000, 0x00000000d8400000, 0x0000000100000000)
  eden space 33280K, 65% used [0x00000000d5980000,0x00000000d6eceec8,0x00000000d7a00000)
  from space 5120K, 85% used [0x00000000d7a00000,0x00000000d7e4c378,0x00000000d7f00000)
  to   space 5120K, 0% used [0x00000000d7f00000,0x00000000d7f00000,0x00000000d8400000)
 ParOldGen       total 87552K, used 2005K [0x0000000080c00000, 0x0000000086180000, 0x00000000d5980000)
  object space 87552K, 2% used [0x0000000080c00000,0x0000000080df55e8,0x0000000086180000)
 Metaspace       used 16444K, capacity 17216K, committed 17280K, reserved 1069056K
  class space    used 2207K, capacity 2392K, committed 2432K, reserved 1048576K
Event: 1.638 GC heap after
Heap after GC invocations=4 (full 0):
 PSYoungGen      total 38400K, used 5094K [0x00000000d5980000, 0x00000000d8400000, 0x0000000100000000)
  eden space 33280K, 0% used [0x00000000d5980000,0x00000000d5980000,0x00000000d7a00000)
  from space 5120K, 99% used [0x00000000d7f00000,0x00000000d83f99f0,0x00000000d8400000)
  to   space 5120K, 0% used [0x00000000d7a00000,0x00000000d7a00000,0x00000000d7f00000)
 ParOldGen       total 87552K, used 2656K [0x0000000080c00000, 0x0000000086180000, 0x00000000d5980000)
  object space 87552K, 3% used [0x0000000080c00000,0x0000000080e98310,0x0000000086180000)
 Metaspace       used 16444K, capacity 17216K, committed 17280K, reserved 1069056K
  class space    used 2207K, capacity 2392K, committed 2432K, reserved 1048576K
}
Event: 1.638 GC heap before
{Heap before GC invocations=5 (full 1):
 PSYoungGen      total 38400K, used 5094K [0x00000000d5980000, 0x00000000d8400000, 0x0000000100000000)
  eden space 33280K, 0% used [0x00000000d5980000,0x00000000d5980000,0x00000000d7a00000)
  from space 5120K, 99% used [0x00000000d7f00000,0x00000000d83f99f0,0x00000000d8400000)
  to   space 5120K, 0% used [0x00000000d7a00000,0x00000000d7a00000,0x00000000d7f00000)
 ParOldGen       total 87552K, used 2656K [0x0000000080c00000, 0x0000000086180000, 0x00000000d5980000)
  object space 87552K, 3% used [0x0000000080c00000,0x0000000080e98310,0x0000000086180000)
 Metaspace       used 16444K, capacity 17216K, committed 17280K, reserved 1069056K
  class space    used 2207K, capacity 2392K, committed 2432K, reserved 1048576K
Event: 1.661 GC heap after
Heap after GC invocations=5 (full 1):
 PSYoungGen      total 38400K, used 0K [0x00000000d5980000, 0x00000000d8400000, 0x0000000100000000)
  eden space 33280K, 0% used [0x00000000d5980000,0x00000000d5980000,0x00000000d7a00000)
  from space 5120K, 0% used [0x00000000d7f00000,0x00000000d7f00000,0x00000000d8400000)
  to   space 5120K, 0% used [0x00000000d7a00000,0x00000000d7a00000,0x00000000d7f00000)
 ParOldGen       total 46592K, used 5573K [0x0000000080c00000, 0x0000000083980000, 0x00000000d5980000)
  object space 46592K, 11% used [0x0000000080c00000,0x0000000081171458,0x0000000083980000)
 Metaspace       used 16444K, capacity 17216K, committed 17280K, reserved 1067008K
  class space    used 2207K, capacity 2392K, committed 2432K, reserved 1048576K
}
Event: 2.051 GC heap before
{Heap before GC invocations=6 (full 1):
 PSYoungGen      total 38400K, used 33280K [0x00000000d5980000, 0x00000000d8400000, 0x0000000100000000)
  eden space 33280K, 100% used [0x00000000d5980000,0x00000000d7a00000,0x00000000d7a00000)
  from space 5120K, 0% used [0x00000000d7f00000,0x00000000d7f00000,0x00000000d8400000)
  to   space 5120K, 0% used [0x00000000d7a00000,0x00000000d7a00000,0x00000000d7f00000)
 ParOldGen       total 46592K, used 5573K [0x0000000080c00000, 0x0000000083980000, 0x00000000d5980000)
  object space 46592K, 11% used [0x0000000080c00000,0x0000000081171458,0x0000000083980000)
 Metaspace       used 18981K, capacity 20054K, committed 20352K, reserved 1069056K
  class space    used 2630K, capacity 2847K, committed 2944K, reserved 1048576K
Event: 2.054 GC heap after
Heap after GC invocations=6 (full 1):
 PSYoungGen      total 38400K, used 4020K [0x00000000d5980000, 0x00000000da280000, 0x0000000100000000)
  eden space 33280K, 0% used [0x00000000d5980000,0x00000000d5980000,0x00000000d7a00000)
  from space 5120K, 78% used [0x00000000d7a00000,0x00000000d7ded210,0x00000000d7f00000)
  to   space 7680K, 0% used [0x00000000d9b00000,0x00000000d9b00000,0x00000000da280000)
 ParOldGen       total 46592K, used 5581K [0x0000000080c00000, 0x0000000083980000, 0x00000000d5980000)
  object space 46592K, 11% used [0x0000000080c00000,0x0000000081173458,0x0000000083980000)
 Metaspace       used 18981K, capacity 20054K, committed 20352K, reserved 1069056K
  class space    used 2630K, capacity 2847K, committed 2944K, reserved 1048576K
}
Event: 7.457 GC heap before
{Heap before GC invocations=7 (full 1):
 PSYoungGen      total 38400K, used 37300K [0x00000000d5980000, 0x00000000da280000, 0x0000000100000000)
  eden space 33280K, 100% used [0x00000000d5980000,0x00000000d7a00000,0x00000000d7a00000)
  from space 5120K, 78% used [0x00000000d7a00000,0x00000000d7ded210,0x00000000d7f00000)
  to   space 7680K, 0% used [0x00000000d9b00000,0x00000000d9b00000,0x00000000da280000)
 ParOldGen       total 46592K, used 5581K [0x0000000080c00000, 0x0000000083980000, 0x00000000d5980000)
  object space 46592K, 11% used [0x0000000080c00000,0x0000000081173458,0x0000000083980000)
 Metaspace       used 23515K, capacity 24858K, committed 25088K, reserved 1073152K
  class space    used 3222K, capacity 3465K, committed 3584K, reserved 1048576K
Event: 7.462 GC heap after
Heap after GC invocations=7 (full 1):
 PSYoungGen      total 65024K, used 6785K [0x00000000d5980000, 0x00000000da200000, 0x0000000100000000)
  eden space 57856K, 0% used [0x00000000d5980000,0x00000000d5980000,0x00000000d9200000)
  from space 7168K, 94% used [0x00000000d9b00000,0x00000000da1a0418,0x00000000da200000)
  to   space 8192K, 0% used [0x00000000d9200000,0x00000000d9200000,0x00000000d9a00000)
 ParOldGen       total 46592K, used 5589K [0x0000000080c00000, 0x0000000083980000, 0x00000000d5980000)
  object space 46592K, 11% used [0x0000000080c00000,0x0000000081175458,0x0000000083980000)
 Metaspace       used 23515K, capacity 24858K, committed 25088K, reserved 1073152K
  class space    used 3222K, capacity 3465K, committed 3584K, reserved 1048576K
}

